<?xml version="1.0" encoding="UTF-8" ?>
<testsuite name="Color nodes" errors="0" tests="2" failures="0" time="6.345" timestamp="2016-04-20T15:38:06">
  <testcase classname="Color nodes" name="should be created" time="3.677"></testcase>
  <testcase classname="Color nodes" name="should be created" time="2.668"></testcase>
</testsuite>